[2024-04-15 21:46:18] local.ERROR: The /www/mysite.local/Infrastructure/bootstrap/bootstrap/cache directory must be present and writable. {"exception":"[object] (Exception(code: 0): The /www/mysite.local/Infrastructure/bootstrap/bootstrap/cache directory must be present and writable. at /www/mysite.local/vendor/laravel/framework/src/Illuminate/Foundation/PackageManifest.php:178)
[stacktrace]
#0 /www/mysite.local/vendor/laravel/framework/src/Illuminate/Foundation/PackageManifest.php(131): Illuminate\\Foundation\\PackageManifest->write(Array)
#1 /www/mysite.local/vendor/laravel/framework/src/Illuminate/Foundation/PackageManifest.php(107): Illuminate\\Foundation\\PackageManifest->build()
#2 /www/mysite.local/vendor/laravel/framework/src/Illuminate/Foundation/PackageManifest.php(90): Illuminate\\Foundation\\PackageManifest->getManifest()
#3 /www/mysite.local/vendor/laravel/framework/src/Illuminate/Foundation/PackageManifest.php(79): Illuminate\\Foundation\\PackageManifest->config('aliases')
#4 /www/mysite.local/vendor/laravel/framework/src/Illuminate/Foundation/Bootstrap/RegisterFacades.php(26): Illuminate\\Foundation\\PackageManifest->aliases()
#5 /www/mysite.local/vendor/laravel/framework/src/Illuminate/Foundation/Application.php(309): Illuminate\\Foundation\\Bootstrap\\RegisterFacades->bootstrap(Object(Illuminate\\Foundation\\Application))
#6 /www/mysite.local/vendor/laravel/framework/src/Illuminate/Foundation/Console/Kernel.php(470): Illuminate\\Foundation\\Application->bootstrapWith(Array)
#7 /www/mysite.local/vendor/laravel/framework/src/Illuminate/Foundation/Console/Kernel.php(194): Illuminate\\Foundation\\Console\\Kernel->bootstrap()
#8 /www/mysite.local/vendor/laravel/framework/src/Illuminate/Foundation/Application.php(1183): Illuminate\\Foundation\\Console\\Kernel->handle(Object(Symfony\\Component\\Console\\Input\\ArgvInput), Object(Symfony\\Component\\Console\\Output\\ConsoleOutput))
#9 /www/mysite.local/Infrastructure/artisan(13): Illuminate\\Foundation\\Application->handleCommand(Object(Symfony\\Component\\Console\\Input\\ArgvInput))
#10 {main}
"} 
[2024-04-15 21:46:50] local.ERROR: The /www/mysite.local/Infrastructure/bootstrap/bootstrap/cache directory must be present and writable. {"exception":"[object] (Exception(code: 0): The /www/mysite.local/Infrastructure/bootstrap/bootstrap/cache directory must be present and writable. at /www/mysite.local/vendor/laravel/framework/src/Illuminate/Foundation/PackageManifest.php:178)
[stacktrace]
#0 /www/mysite.local/vendor/laravel/framework/src/Illuminate/Foundation/PackageManifest.php(131): Illuminate\\Foundation\\PackageManifest->write(Array)
#1 /www/mysite.local/vendor/laravel/framework/src/Illuminate/Foundation/PackageManifest.php(107): Illuminate\\Foundation\\PackageManifest->build()
#2 /www/mysite.local/vendor/laravel/framework/src/Illuminate/Foundation/PackageManifest.php(90): Illuminate\\Foundation\\PackageManifest->getManifest()
#3 /www/mysite.local/vendor/laravel/framework/src/Illuminate/Foundation/PackageManifest.php(79): Illuminate\\Foundation\\PackageManifest->config('aliases')
#4 /www/mysite.local/vendor/laravel/framework/src/Illuminate/Foundation/Bootstrap/RegisterFacades.php(26): Illuminate\\Foundation\\PackageManifest->aliases()
#5 /www/mysite.local/vendor/laravel/framework/src/Illuminate/Foundation/Application.php(309): Illuminate\\Foundation\\Bootstrap\\RegisterFacades->bootstrap(Object(Illuminate\\Foundation\\Application))
#6 /www/mysite.local/vendor/laravel/framework/src/Illuminate/Foundation/Console/Kernel.php(470): Illuminate\\Foundation\\Application->bootstrapWith(Array)
#7 /www/mysite.local/vendor/laravel/framework/src/Illuminate/Foundation/Console/Kernel.php(194): Illuminate\\Foundation\\Console\\Kernel->bootstrap()
#8 /www/mysite.local/vendor/laravel/framework/src/Illuminate/Foundation/Application.php(1183): Illuminate\\Foundation\\Console\\Kernel->handle(Object(Symfony\\Component\\Console\\Input\\ArgvInput), Object(Symfony\\Component\\Console\\Output\\ConsoleOutput))
#9 /www/mysite.local/Infrastructure/artisan(13): Illuminate\\Foundation\\Application->handleCommand(Object(Symfony\\Component\\Console\\Input\\ArgvInput))
#10 {main}
"} 
